<?xml version="1.0" encoding="UTF-8"?>
<!-- Generated by org.testng.reporters.JUnitReportReporter -->
<testsuite skipped="0" hostname="Maktum-PC" name="jxl.ReadExcel_xls" tests="1" failures="0" timestamp="12 May 2018 05:04:13 GMT" time="0.178" errors="0">
  <testcase name="readFile" time="0.178" classname="jxl.ReadExcel_xls"/>
</testsuite> <!-- jxl.ReadExcel_xls -->
