<?xml version="1.0" encoding="UTF-8"?>
<!-- Generated by org.testng.reporters.JUnitReportReporter -->
<testsuite skipped="0" hostname="Maktum-PC" name="poi.ReadExcel_xls" tests="2" failures="0" timestamp="12 May 2018 05:26:40 GMT" time="0.276" errors="0">
  <testcase name="readMethod1" time="0.276" classname="poi.ReadExcel_xls"/>
  <testcase name="readMethod2" time="0.000" classname="poi.ReadExcel_xls"/>
</testsuite> <!-- poi.ReadExcel_xls -->
