<?xml version="1.0" encoding="UTF-8"?>
<!-- Generated by org.testng.reporters.JUnitReportReporter -->
<testsuite skipped="0" hostname="Maktum-PC" name="poi.ReadExcel_xlsx" tests="1" failures="0" timestamp="12 May 2018 05:23:10 GMT" time="0.584" errors="0">
  <testcase name="readFile" time="0.584" classname="poi.ReadExcel_xlsx"/>
</testsuite> <!-- poi.ReadExcel_xlsx -->
